TN:
SF:controllers/account.controller.js
FN:1,getListAccount
FNF:1
FNH:1
FNDA:1,getListAccount
DA:1,1
DA:2,1
DA:3,1
DA:4,1
DA:5,1
DA:6,1
DA:7,1
LF:7
LH:7
BRDA:1,0,0,1
BRF:1
BRH:1
end_of_record
TN:
SF:controllers/member.controller.js
FN:3,index
FNF:1
FNH:1
FNDA:1,index
DA:1,1
DA:2,1
DA:3,1
DA:4,1
DA:5,1
DA:6,1
DA:7,1
DA:8,1
DA:9,1
DA:10,1
DA:11,1
DA:12,1
DA:13,1
LF:13
LH:13
BRDA:3,0,0,1
BRF:1
BRH:1
end_of_record
TN:
SF:controllers/transaction.controller.js
FN:1,getTransactionList
FNF:1
FNH:1
FNDA:1,getTransactionList
DA:1,1
DA:2,1
DA:3,1
DA:4,1
DA:5,1
DA:6,1
DA:7,1
LF:7
LH:7
BRDA:1,0,0,1
BRF:1
BRH:1
end_of_record
TN:
SF:utils/hello.util.js
FN:1,greeting
FNF:1
FNH:1
FNDA:2,greeting
DA:1,2
DA:2,2
DA:3,1
DA:4,1
DA:5,1
DA:6,1
DA:7,2
DA:8,1
DA:9,1
LF:9
LH:9
BRDA:1,0,0,2
BRDA:2,1,0,1
BRF:2
BRH:2
end_of_record
